{"level":"\u001b[33mwarn\u001b[39m","message":"Ruta GET /favicon.ico no implementada"}
{"level":"\u001b[33mwarn\u001b[39m","message":"Ruta GET /favicon.ico no implementada"}
{"level":"\u001b[33mwarn\u001b[39m","message":"Ruta GET /favicon.ico no implementada"}
{"level":"\u001b[33mwarn\u001b[39m","message":"Ruta GET /favicon.ico no implementada"}
{"level":"\u001b[33mwarn\u001b[39m","message":"Ruta GET /width=%2220%22 no implementada"}
{"level":"\u001b[33mwarn\u001b[39m","message":"Ruta GET /width=%2220%22 no implementada"}
{"level":"\u001b[33mwarn\u001b[39m","message":"Ruta GET /favicon.ico no implementada"}
{"level":"\u001b[33mwarn\u001b[39m","message":"Ruta GET /favicon.ico no implementada"}
{"level":"\u001b[33mwarn\u001b[39m","message":"Ruta GET /favicon.ico no implementada"}
{"level":"\u001b[31merror\u001b[39m"}
{"level":"\u001b[33mwarn\u001b[39m","message":"Ruta GET /favicon.ico no implementada"}
{"level":"\u001b[31merror\u001b[39m"}
{"level":"\u001b[33mwarn\u001b[39m","message":"Ruta GET /favicon.ico no implementada"}
{"level":"\u001b[31merror\u001b[39m"}
{"level":"\u001b[31merror\u001b[39m"}
{"level":"\u001b[33mwarn\u001b[39m","message":"Ruta GET /favicon.ico no implementada"}
{"level":"\u001b[31merror\u001b[39m","message":"ReferenceError: Cannot access 'data' before initializationOcurrio un error al cargar los mensajes"}
{"level":"\u001b[31merror\u001b[39m","message":"ReferenceError: Cannot access 'data' before initializationOcurrio un error al cargar los mensajes"}
{"level":"\u001b[33mwarn\u001b[39m","message":"Ruta GET /favicon.ico no implementada"}
{"level":"\u001b[31merror\u001b[39m","message":"ReferenceError: MensajesAp1 is not definedOcurrio un error al cargar los mensajes"}
{"level":"\u001b[31merror\u001b[39m","message":"ReferenceError: MensajesAp1 is not definedOcurrio un error al cargar los mensajes"}
{"level":"\u001b[31merror\u001b[39m","message":"ReferenceError: MensajesAp1 is not definedOcurrio un error al cargar los mensajes"}
{"level":"\u001b[33mwarn\u001b[39m","message":"Ruta GET /favicon.ico no implementada"}
{"level":"\u001b[31merror\u001b[39m","message":"ReferenceError: MensajesAp1 is not definedOcurrio un error al cargar los mensajes"}
{"level":"\u001b[31merror\u001b[39m","message":"ReferenceError: MensajesAp1 is not definedOcurrio un error al cargar los mensajes"}
{"level":"\u001b[33mwarn\u001b[39m","message":"Ruta GET /favicon.ico no implementada"}
{"level":"\u001b[33mwarn\u001b[39m","message":"Ruta GET /favicon.ico no implementada"}
{"level":"\u001b[33mwarn\u001b[39m","message":"Ruta GET /favicon.ico no implementada"}
{"level":"\u001b[33mwarn\u001b[39m","message":"Ruta GET /favicon.ico no implementada"}
{"level":"\u001b[33mwarn\u001b[39m","message":"Ruta GET /favicon.ico no implementada"}
{"level":"\u001b[31merror\u001b[39m","message":"ReferenceError: ProductosAp1 is not defined -  \"Ocurrio un error al cargar los productos\""}
{"level":"\u001b[31merror\u001b[39m","message":"ReferenceError: ProductosAp1 is not defined -  \"Ocurrio un error al cargar los productos\""}
{"level":"\u001b[33mwarn\u001b[39m","message":"Ruta GET /favicon.ico no implementada"}
{"level":"\u001b[33mwarn\u001b[39m","message":"Ruta GET /favicon.ico no implementada"}
{"level":"\u001b[33mwarn\u001b[39m","message":"Ruta GET /favicon.ico no implementada"}
{"level":"\u001b[33mwarn\u001b[39m","message":"Ruta GET /favicon.ico no implementada"}
{"level":"\u001b[33mwarn\u001b[39m","message":"Ruta GET /favicon.ico no implementada"}
{"level":"\u001b[33mwarn\u001b[39m","message":"Ruta GET /favicon.ico no implementada"}
{"level":"\u001b[33mwarn\u001b[39m","message":"Ruta GET /favicon.ico no implementada"}
{"level":"\u001b[33mwarn\u001b[39m","message":"Ruta GET /info/style.css no implementada"}
{"level":"\u001b[33mwarn\u001b[39m","message":"Ruta GET /info/cliente.js no implementada"}
{"level":"\u001b[33mwarn\u001b[39m","message":"Ruta GET /favicon.ico no implementada"}
{"level":"\u001b[33mwarn\u001b[39m","message":"Ruta GET /info/style.css no implementada"}
{"level":"\u001b[33mwarn\u001b[39m","message":"Ruta GET /info/cliente.js no implementada"}
{"level":"\u001b[33mwarn\u001b[39m","message":"Ruta GET /favicon.ico no implementada"}
{"level":"\u001b[33mwarn\u001b[39m","message":"Ruta GET /favicon.ico no implementada"}
{"level":"\u001b[33mwarn\u001b[39m","message":"Ruta GET /info/style.css no implementada"}
{"level":"\u001b[33mwarn\u001b[39m","message":"Ruta GET /info/cliente.js no implementada"}
{"level":"\u001b[33mwarn\u001b[39m","message":"Ruta GET /favicon.ico no implementada"}
{"level":"\u001b[33mwarn\u001b[39m","message":"Ruta GET /info/style.css no implementada"}
{"level":"\u001b[33mwarn\u001b[39m","message":"Ruta GET /info/cliente.js no implementada"}
{"level":"\u001b[33mwarn\u001b[39m","message":"Ruta GET /favicon.ico no implementada"}
{"level":"\u001b[33mwarn\u001b[39m","message":"Ruta GET /info/style.css no implementada"}
{"level":"\u001b[33mwarn\u001b[39m","message":"Ruta GET /info/cliente.js no implementada"}
{"level":"\u001b[33mwarn\u001b[39m","message":"Ruta GET /favicon.ico no implementada"}
{"level":"\u001b[33mwarn\u001b[39m","message":"Ruta GET /favicon.ico no implementada"}
{"level":"\u001b[33mwarn\u001b[39m","message":"Ruta GET /favicon.ico no implementada"}
{"level":"\u001b[33mwarn\u001b[39m","message":"Ruta GET /favicon.ico no implementada"}
{"level":"\u001b[33mwarn\u001b[39m","message":"Ruta GET /favicon.ico no implementada"}
{"level":"\u001b[33mwarn\u001b[39m","message":"Ruta GET /favicon.ico no implementada"}
{"level":"\u001b[33mwarn\u001b[39m","message":"Ruta GET /favicon.ico no implementada"}
{"level":"\u001b[33mwarn\u001b[39m","message":"Ruta GET /favicon.ico no implementada"}
{"level":"\u001b[33mwarn\u001b[39m","message":"Ruta GET /favicon.ico no implementada"}
{"level":"\u001b[33mwarn\u001b[39m","message":"Ruta GET /favicon.ico no implementada"}
{"level":"\u001b[33mwarn\u001b[39m","message":"Ruta GET /favicon.ico no implementada"}
{"level":"\u001b[33mwarn\u001b[39m","message":"Ruta GET /favicon.ico no implementada"}
{"level":"\u001b[33mwarn\u001b[39m","message":"Ruta GET /favicon.ico no implementada"}
{"level":"\u001b[33mwarn\u001b[39m","message":"Ruta GET /favicon.ico no implementada"}
{"level":"\u001b[33mwarn\u001b[39m","message":"Ruta GET /favicon.ico no implementada"}
{"level":"\u001b[33mwarn\u001b[39m","message":"Ruta GET /favicon.ico no implementada"}
{"level":"\u001b[33mwarn\u001b[39m","message":"Ruta GET /favicon.ico no implementada"}
{"level":"\u001b[33mwarn\u001b[39m","message":"Ruta GET /favicon.ico no implementada"}
{"level":"\u001b[33mwarn\u001b[39m","message":"Ruta GET /api/productos/ no implementada"}
{"level":"\u001b[33mwarn\u001b[39m","message":"Ruta GET /api/productos/ no implementada"}
{"level":"\u001b[33mwarn\u001b[39m","message":"Ruta GET /api/productos/ no implementada"}
{"level":"\u001b[33mwarn\u001b[39m","message":"Ruta GET /favicon.ico no implementada"}
{"level":"\u001b[33mwarn\u001b[39m","message":"Ruta GET /favicon.ico no implementada"}
{"level":"\u001b[33mwarn\u001b[39m","message":"Ruta GET /favicon.ico no implementada"}
{"level":"\u001b[33mwarn\u001b[39m","message":"Ruta GET /favicon.ico no implementada"}
{"level":"\u001b[33mwarn\u001b[39m","message":"Ruta GET /favicon.ico no implementada"}
{"level":"\u001b[33mwarn\u001b[39m","message":"Ruta GET /favicon.ico no implementada"}
{"level":"\u001b[33mwarn\u001b[39m","message":"Ruta GET /favicon.ico no implementada"}
{"level":"\u001b[33mwarn\u001b[39m","message":"Ruta GET /favicon.ico no implementada"}
{"level":"\u001b[33mwarn\u001b[39m","message":"Ruta GET /favicon.ico no implementada"}
{"level":"\u001b[33mwarn\u001b[39m","message":"Ruta GET /favicon.ico no implementada"}
{"level":"\u001b[33mwarn\u001b[39m","message":"Ruta GET /favicon.ico no implementada"}
{"level":"\u001b[33mwarn\u001b[39m","message":"Ruta GET /favicon.ico no implementada"}
{"level":"\u001b[33mwarn\u001b[39m","message":"Ruta GET /favicon.ico no implementada"}
{"level":"\u001b[33mwarn\u001b[39m","message":"Ruta GET /favicon.ico no implementada"}
{"level":"\u001b[33mwarn\u001b[39m","message":"Ruta GET /favicon.ico no implementada"}
{"level":"\u001b[33mwarn\u001b[39m","message":"Ruta GET /favicon.ico no implementada"}
{"level":"\u001b[33mwarn\u001b[39m","message":"Ruta GET /favicon.ico no implementada"}
{"level":"\u001b[33mwarn\u001b[39m","message":"Ruta GET /favicon.ico no implementada"}
{"level":"\u001b[33mwarn\u001b[39m","message":"Ruta GET /favicon.ico no implementada"}
{"level":"\u001b[33mwarn\u001b[39m","message":"Ruta GET /favicon.ico no implementada"}
{"level":"\u001b[33mwarn\u001b[39m","message":"Ruta GET /favicon.ico no implementada"}
{"level":"\u001b[33mwarn\u001b[39m","message":"Ruta GET /favicon.ico no implementada"}
{"level":"\u001b[33mwarn\u001b[39m","message":"Ruta GET /favicon.ico no implementada"}
{"level":"\u001b[33mwarn\u001b[39m","message":"Ruta GET /favicon.ico no implementada"}
{"level":"\u001b[33mwarn\u001b[39m","message":"Ruta GET /favicon.ico no implementada"}
{"level":"\u001b[31merror\u001b[39m","message":"TypeError: MensajesApi.readData is not a functionOcurrio un error al cargar los mensajes"}
{"level":"\u001b[31merror\u001b[39m","message":"TypeError: MensajesApi.readData is not a functionOcurrio un error al cargar los mensajes"}
{"level":"\u001b[31merror\u001b[39m","message":"TypeError: MensajesApi.readData is not a functionOcurrio un error al cargar los mensajes"}
{"level":"\u001b[31merror\u001b[39m","message":"TypeError: MensajesApi.readData is not a functionOcurrio un error al cargar los mensajes"}
{"level":"\u001b[31merror\u001b[39m","message":"TypeError: MensajesApi.readData is not a functionOcurrio un error al cargar los mensajes"}
{"level":"\u001b[31merror\u001b[39m","message":"TypeError: MensajesApi.readData is not a functionOcurrio un error al cargar los mensajes"}
{"level":"\u001b[31merror\u001b[39m","message":"TypeError: MensajesApi.readData is not a functionOcurrio un error al cargar los mensajes"}
{"level":"\u001b[31merror\u001b[39m","message":"TypeError: MensajesApi.readData is not a functionOcurrio un error al cargar los mensajes"}
{"level":"\u001b[31merror\u001b[39m","message":"TypeError: MensajesApi.readData is not a functionOcurrio un error al cargar los mensajes"}
{"level":"\u001b[31merror\u001b[39m","message":"TypeError: MensajesApi.readData is not a functionOcurrio un error al cargar los mensajes"}
{"level":"\u001b[31merror\u001b[39m","message":"TypeError: MensajesApi.readData is not a functionOcurrio un error al cargar los mensajes"}
{"level":"\u001b[31merror\u001b[39m","message":"TypeError: MensajesApi.readData is not a functionOcurrio un error al cargar los mensajes"}
{"level":"\u001b[31merror\u001b[39m","message":"TypeError: MensajesApi.readData is not a functionOcurrio un error al cargar los mensajes"}
{"level":"\u001b[31merror\u001b[39m","message":"TypeError: MensajesApi.readData is not a functionOcurrio un error al cargar los mensajes"}
{"level":"\u001b[31merror\u001b[39m","message":"TypeError: MensajesApi.readData is not a functionOcurrio un error al cargar los mensajes"}
{"level":"\u001b[31merror\u001b[39m","message":"TypeError: MensajesApi.readData is not a functionOcurrio un error al cargar los mensajes"}
{"level":"\u001b[31merror\u001b[39m","message":"TypeError: MensajesApi.readData is not a functionOcurrio un error al cargar los mensajes"}
{"level":"\u001b[31merror\u001b[39m","message":"TypeError: MensajesApi.readData is not a functionOcurrio un error al cargar los mensajes"}
{"level":"\u001b[31merror\u001b[39m","message":"TypeError: MensajesApi.readData is not a functionOcurrio un error al cargar los mensajes"}
{"level":"\u001b[31merror\u001b[39m","message":"TypeError: MensajesApi.readData is not a functionOcurrio un error al cargar los mensajes"}
{"level":"\u001b[31merror\u001b[39m","message":"TypeError: MensajesApi.readData is not a functionOcurrio un error al cargar los mensajes"}
{"level":"\u001b[31merror\u001b[39m","message":"TypeError: MensajesApi.readData is not a functionOcurrio un error al cargar los mensajes"}
{"level":"\u001b[31merror\u001b[39m","message":"TypeError: MensajesApi.readData is not a functionOcurrio un error al cargar los mensajes"}
{"level":"\u001b[31merror\u001b[39m","message":"TypeError: MensajesApi.readData is not a functionOcurrio un error al cargar los mensajes"}
{"level":"\u001b[31merror\u001b[39m","message":"TypeError: MensajesApi.readData is not a functionOcurrio un error al cargar los mensajes"}
{"level":"\u001b[31merror\u001b[39m","message":"TypeError: MensajesApi.readData is not a functionOcurrio un error al cargar los mensajes"}
{"level":"\u001b[31merror\u001b[39m","message":"TypeError: MensajesApi.readData is not a functionOcurrio un error al cargar los mensajes"}
{"level":"\u001b[31merror\u001b[39m","message":"TypeError: MensajesApi.readData is not a functionOcurrio un error al cargar los mensajes"}
{"level":"\u001b[31merror\u001b[39m","message":"TypeError: MensajesApi.readData is not a functionOcurrio un error al cargar los mensajes"}
{"level":"\u001b[31merror\u001b[39m","message":"TypeError: MensajesApi.readData is not a functionOcurrio un error al cargar los mensajes"}
{"level":"\u001b[31merror\u001b[39m","message":"TypeError: MensajesApi.readData is not a functionOcurrio un error al cargar los mensajes"}
{"level":"\u001b[31merror\u001b[39m","message":"TypeError: MensajesApi.readData is not a functionOcurrio un error al cargar los mensajes"}
{"level":"\u001b[31merror\u001b[39m","message":"TypeError: MensajesApi.readData is not a functionOcurrio un error al cargar los mensajes"}
{"level":"\u001b[31merror\u001b[39m","message":"TypeError: MensajesApi.readData is not a functionOcurrio un error al cargar los mensajes"}
{"level":"\u001b[31merror\u001b[39m","message":"TypeError: MensajesApi.readData is not a functionOcurrio un error al cargar los mensajes"}
{"level":"\u001b[31merror\u001b[39m","message":"TypeError: MensajesApi.readData is not a functionOcurrio un error al cargar los mensajes"}
{"level":"\u001b[31merror\u001b[39m","message":"TypeError: MensajesApi.readData is not a functionOcurrio un error al cargar los mensajes"}
{"level":"\u001b[33mwarn\u001b[39m","message":"Ruta GET /favicon.ico no implementada"}
{"level":"\u001b[31merror\u001b[39m","message":"TypeError: MensajesApi.readData is not a functionOcurrio un error al cargar los mensajes"}
{"level":"\u001b[33mwarn\u001b[39m","message":"Ruta GET /favicon.ico no implementada"}
{"level":"\u001b[31merror\u001b[39m","message":"TypeError: MensajesApi.readData is not a functionOcurrio un error al cargar los mensajes"}
{"level":"\u001b[31merror\u001b[39m","message":"TypeError: MensajesApi.readData is not a functionOcurrio un error al cargar los mensajes"}
{"level":"\u001b[31merror\u001b[39m","message":"TypeError: MensajesApi.readData is not a functionOcurrio un error al cargar los mensajes"}
{"level":"\u001b[31merror\u001b[39m","message":"TypeError: MensajesApi.readData is not a functionOcurrio un error al cargar los mensajes"}
{"level":"\u001b[31merror\u001b[39m","message":"TypeError: MensajesApi.readData is not a functionOcurrio un error al cargar los mensajes"}
{"level":"\u001b[31merror\u001b[39m","message":"TypeError: MensajesApi.readData is not a functionOcurrio un error al cargar los mensajes"}
{"level":"\u001b[31merror\u001b[39m","message":"TypeError: MensajesApi.readData is not a functionOcurrio un error al cargar los mensajes"}
{"level":"\u001b[31merror\u001b[39m","message":"TypeError: MensajesApi.readData is not a functionOcurrio un error al cargar los mensajes"}
{"level":"\u001b[31merror\u001b[39m","message":"TypeError: MensajesApi.readData is not a functionOcurrio un error al cargar los mensajes"}
{"level":"\u001b[31merror\u001b[39m","message":"TypeError: MensajesApi.readData is not a functionOcurrio un error al cargar los mensajes"}
{"level":"\u001b[31merror\u001b[39m","message":"TypeError: MensajesApi.readData is not a functionOcurrio un error al cargar los mensajes"}
{"level":"\u001b[31merror\u001b[39m","message":"TypeError: MensajesApi.readData is not a functionOcurrio un error al cargar los mensajes"}
{"level":"\u001b[31merror\u001b[39m","message":"TypeError: MensajesApi.readData is not a functionOcurrio un error al cargar los mensajes"}
{"level":"\u001b[31merror\u001b[39m","message":"TypeError: MensajesApi.readData is not a functionOcurrio un error al cargar los mensajes"}
{"level":"\u001b[31merror\u001b[39m","message":"TypeError: MensajesApi.readData is not a functionOcurrio un error al cargar los mensajes"}
{"level":"\u001b[31merror\u001b[39m","message":"TypeError: MensajesApi.readData is not a functionOcurrio un error al cargar los mensajes"}
{"level":"\u001b[31merror\u001b[39m","message":"TypeError: MensajesApi.readData is not a functionOcurrio un error al cargar los mensajes"}
{"level":"\u001b[31merror\u001b[39m","message":"TypeError: MensajesApi.readData is not a functionOcurrio un error al cargar los mensajes"}
{"level":"\u001b[31merror\u001b[39m","message":"TypeError: MensajesApi.readData is not a functionOcurrio un error al cargar los mensajes"}
{"level":"\u001b[31merror\u001b[39m","message":"TypeError: MensajesApi.readData is not a functionOcurrio un error al cargar los mensajes"}
{"level":"\u001b[31merror\u001b[39m","message":"TypeError: MensajesApi.readData is not a functionOcurrio un error al cargar los mensajes"}
{"level":"\u001b[31merror\u001b[39m","message":"TypeError: MensajesApi.readData is not a functionOcurrio un error al cargar los mensajes"}
{"level":"\u001b[31merror\u001b[39m","message":"TypeError: MensajesApi.readData is not a functionOcurrio un error al cargar los mensajes"}
{"level":"\u001b[33mwarn\u001b[39m","message":"Ruta GET /process/ no implementada 22"}
